Using TensorFlow backend.
2018-11-29 11:54:38.986100: I tensorflow/core/platform/cpu_feature_guard.cc:141] Your CPU supports instructions that this TensorFlow binary was not compiled to use: AVX2 FMA
Received data from the user learning_rate=0.001, epochs=1, batch_size=32
_________________________________________________________________
Layer (type)                 Output Shape              Param #   
=================================================================
conv2d_1 (Conv2D)            (None, 32, 32, 32)        896       
_________________________________________________________________
dropout_1 (Dropout)          (None, 32, 32, 32)        0         
_________________________________________________________________
conv2d_2 (Conv2D)            (None, 32, 32, 32)        9248      
_________________________________________________________________
max_pooling2d_1 (MaxPooling2 (None, 16, 16, 32)        0         
_________________________________________________________________
flatten_1 (Flatten)          (None, 8192)              0         
_________________________________________________________________
dense_1 (Dense)              (None, 512)               4194816   
_________________________________________________________________
dropout_2 (Dropout)          (None, 512)               0         
_________________________________________________________________
dense_2 (Dense)              (None, 10)                5130      
=================================================================
Total params: 4,210,090
Trainable params: 4,210,090
Non-trainable params: 0
_________________________________________________________________
None
Train on 50000 samples, validate on 10000 samples
Epoch 1/1

   32/50000 [..............................] - ETA: 8:44 - loss: 2.3437 - acc: 0.1250
   96/50000 [..............................] - ETA: 3:39 - loss: 2.3154 - acc: 0.1146
  160/50000 [..............................] - ETA: 2:39 - loss: 2.3136 - acc: 0.1062
  224/50000 [..............................] - ETA: 2:12 - loss: 2.3180 - acc: 0.0938
  288/50000 [..............................] - ETA: 1:56 - loss: 2.3001 - acc: 0.1181
  352/50000 [..............................] - ETA: 1:47 - loss: 2.2996 - acc: 0.1165
  416/50000 [..............................] - ETA: 1:40 - loss: 2.3054 - acc: 0.1130
  480/50000 [..............................] - ETA: 1:34 - loss: 2.3064 - acc: 0.1146
  544/50000 [..............................] - ETA: 1:31 - loss: 2.3010 - acc: 0.1158
  608/50000 [..............................] - ETA: 1:28 - loss: 2.3007 - acc: 0.1151
  672/50000 [..............................] - ETA: 1:25 - loss: 2.3011 - acc: 0.1161
  736/50000 [..............................] - ETA: 1:23 - loss: 2.3004 - acc: 0.1168
  800/50000 [..............................] - ETA: 1:21 - loss: 2.2977 - acc: 0.1187
  864/50000 [..............................] - ETA: 1:20 - loss: 2.2978 - acc: 0.1215
  928/50000 [..............................] - ETA: 1:18 - loss: 2.2923 - acc: 0.1282
  992/50000 [..............................] - ETA: 1:17 - loss: 2.2910 - acc: 0.1321
 1056/50000 [..............................] - ETA: 1:16 - loss: 2.2939 - acc: 0.1288
 1120/50000 [..............................] - ETA: 1:15 - loss: 2.2937 - acc: 0.1268
 1184/50000 [..............................] - ETA: 1:15 - loss: 2.2938 - acc: 0.1233
 1248/50000 [..............................] - ETA: 1:14 - loss: 2.2961 - acc: 0.1242
 1312/50000 [..............................] - ETA: 1:13 - loss: 2.2954 - acc: 0.1227
 1376/50000 [..............................] - ETA: 1:12 - loss: 2.2962 - acc: 0.1206
 1440/50000 [..............................] - ETA: 1:12 - loss: 2.2963 - acc: 0.1187
 1504/50000 [..............................] - ETA: 1:11 - loss: 2.2956 - acc: 0.1190
 1568/50000 [..............................] - ETA: 1:11 - loss: 2.2957 - acc: 0.1193
 1632/50000 [..............................] - ETA: 1:10 - loss: 2.2973 - acc: 0.1201
 1696/50000 [>.............................] - ETA: 1:10 - loss: 2.2976 - acc: 0.1203
 1760/50000 [>.............................] - ETA: 1:09 - loss: 2.2978 - acc: 0.1193
 1824/50000 [>.............................] - ETA: 1:09 - loss: 2.2973 - acc: 0.1190
 1888/50000 [>.............................] - ETA: 1:08 - loss: 2.2969 - acc: 0.1197
 1952/50000 [>.............................] - ETA: 1:08 - loss: 2.2958 - acc: 0.1199
 2016/50000 [>.............................] - ETA: 1:08 - loss: 2.2957 - acc: 0.1195
 2080/50000 [>.............................] - ETA: 1:07 - loss: 2.2960 - acc: 0.1212
 2144/50000 [>.............................] - ETA: 1:07 - loss: 2.2953 - acc: 0.1217
 2208/50000 [>.............................] - ETA: 1:07 - loss: 2.2951 - acc: 0.1214
 2272/50000 [>.............................] - ETA: 1:07 - loss: 2.2945 - acc: 0.1219
 2336/50000 [>.............................] - ETA: 1:06 - loss: 2.2932 - acc: 0.1224
 2400/50000 [>.............................] - ETA: 1:06 - loss: 2.2935 - acc: 0.1217
 2464/50000 [>.............................] - ETA: 1:06 - loss: 2.2928 - acc: 0.1226
 2528/50000 [>.............................] - ETA: 1:06 - loss: 2.2914 - acc: 0.1238
 2592/50000 [>.............................] - ETA: 1:05 - loss: 2.2907 - acc: 0.1246
 2656/50000 [>.............................] - ETA: 1:05 - loss: 2.2901 - acc: 0.1250
 2720/50000 [>.............................] - ETA: 1:05 - loss: 2.2905 - acc: 0.1243
 2784/50000 [>.............................] - ETA: 1:05 - loss: 2.2889 - acc: 0.1246
 2848/50000 [>.............................] - ETA: 1:04 - loss: 2.2875 - acc: 0.1264
 2912/50000 [>.............................] - ETA: 1:04 - loss: 2.2864 - acc: 0.1274
 2976/50000 [>.............................] - ETA: 1:04 - loss: 2.2853 - acc: 0.1287
 3040/50000 [>.............................] - ETA: 1:04 - loss: 2.2846 - acc: 0.1299
 3104/50000 [>.............................] - ETA: 1:04 - loss: 2.2844 - acc: 0.1302
 3168/50000 [>.............................] - ETA: 1:03 - loss: 2.2838 - acc: 0.1307
 3232/50000 [>.............................] - ETA: 1:03 - loss: 2.2837 - acc: 0.1315
 3296/50000 [>.............................] - ETA: 1:03 - loss: 2.2824 - acc: 0.1329
 3360/50000 [=>............................] - ETA: 1:03 - loss: 2.2824 - acc: 0.1330
 3424/50000 [=>............................] - ETA: 1:02 - loss: 2.2812 - acc: 0.1346
 3488/50000 [=>............................] - ETA: 1:02 - loss: 2.2805 - acc: 0.1353
 3552/50000 [=>............................] - ETA: 1:02 - loss: 2.2802 - acc: 0.1351
 3616/50000 [=>............................] - ETA: 1:02 - loss: 2.2788 - acc: 0.1352
 3680/50000 [=>............................] - ETA: 1:02 - loss: 2.2783 - acc: 0.1361
 3744/50000 [=>............................] - ETA: 1:02 - loss: 2.2776 - acc: 0.1368
 3808/50000 [=>............................] - ETA: 1:02 - loss: 2.2772 - acc: 0.1371
 3872/50000 [=>............................] - ETA: 1:01 - loss: 2.2767 - acc: 0.1379
 3936/50000 [=>............................] - ETA: 1:01 - loss: 2.2766 - acc: 0.1380
 4000/50000 [=>............................] - ETA: 1:01 - loss: 2.2759 - acc: 0.1400
 4064/50000 [=>............................] - ETA: 1:01 - loss: 2.2750 - acc: 0.1412
 4128/50000 [=>............................] - ETA: 1:01 - loss: 2.2748 - acc: 0.1412
 4192/50000 [=>............................] - ETA: 1:01 - loss: 2.2745 - acc: 0.1410
 4256/50000 [=>............................] - ETA: 1:01 - loss: 2.2732 - acc: 0.1422
 4320/50000 [=>............................] - ETA: 1:00 - loss: 2.2723 - acc: 0.1426
 4384/50000 [=>............................] - ETA: 1:00 - loss: 2.2708 - acc: 0.1432
 4448/50000 [=>............................] - ETA: 1:00 - loss: 2.2703 - acc: 0.1437
 4512/50000 [=>............................] - ETA: 1:00 - loss: 2.2690 - acc: 0.1447
 4576/50000 [=>............................] - ETA: 1:00 - loss: 2.2682 - acc: 0.1455
 4640/50000 [=>............................] - ETA: 1:00 - loss: 2.2674 - acc: 0.1461
 4704/50000 [=>............................] - ETA: 1:00 - loss: 2.2669 - acc: 0.1465
 4768/50000 [=>............................] - ETA: 1:00 - loss: 2.2664 - acc: 0.1464
 4832/50000 [=>............................] - ETA: 59s - loss: 2.2657 - acc: 0.1461 
 4896/50000 [=>............................] - ETA: 59s - loss: 2.2654 - acc: 0.1456
 4960/50000 [=>............................] - ETA: 59s - loss: 2.2649 - acc: 0.1458
 5024/50000 [==>...........................] - ETA: 59s - loss: 2.2641 - acc: 0.1455
 5088/50000 [==>...........................] - ETA: 59s - loss: 2.2637 - acc: 0.1456
 5152/50000 [==>...........................] - ETA: 59s - loss: 2.2625 - acc: 0.1464
 5216/50000 [==>...........................] - ETA: 59s - loss: 2.2617 - acc: 0.1474
 5280/50000 [==>...........................] - ETA: 59s - loss: 2.2610 - acc: 0.1479
 5344/50000 [==>...........................] - ETA: 58s - loss: 2.2598 - acc: 0.1486
 5408/50000 [==>...........................] - ETA: 58s - loss: 2.2587 - acc: 0.1487
 5472/50000 [==>...........................] - ETA: 58s - loss: 2.2580 - acc: 0.1488
 5536/50000 [==>...........................] - ETA: 58s - loss: 2.2580 - acc: 0.1488
 5600/50000 [==>...........................] - ETA: 58s - loss: 2.2574 - acc: 0.1489
 5664/50000 [==>...........................] - ETA: 58s - loss: 2.2564 - acc: 0.1497
 5728/50000 [==>...........................] - ETA: 58s - loss: 2.2552 - acc: 0.1505
 5792/50000 [==>...........................] - ETA: 57s - loss: 2.2540 - acc: 0.1518
 5856/50000 [==>...........................] - ETA: 57s - loss: 2.2531 - acc: 0.1525
 5920/50000 [==>...........................] - ETA: 57s - loss: 2.2516 - acc: 0.1534
 5984/50000 [==>...........................] - ETA: 57s - loss: 2.2512 - acc: 0.1527
 6048/50000 [==>...........................] - ETA: 57s - loss: 2.2511 - acc: 0.1528
 6112/50000 [==>...........................] - ETA: 57s - loss: 2.2512 - acc: 0.1528
 6176/50000 [==>...........................] - ETA: 57s - loss: 2.2497 - acc: 0.1538
 6240/50000 [==>...........................] - ETA: 57s - loss: 2.2491 - acc: 0.1537
 6304/50000 [==>...........................] - ETA: 57s - loss: 2.2492 - acc: 0.1536
 6368/50000 [==>...........................] - ETA: 56s - loss: 2.2489 - acc: 0.1539
 6432/50000 [==>...........................] - ETA: 56s - loss: 2.2471 - acc: 0.1550
 6496/50000 [==>...........................] - ETA: 56s - loss: 2.2463 - acc: 0.1553
 6560/50000 [==>...........................] - ETA: 56s - loss: 2.2459 - acc: 0.1552
 6624/50000 [==>...........................] - ETA: 56s - loss: 2.2457 - acc: 0.1553
 6688/50000 [===>..........................] - ETA: 56s - loss: 2.2446 - acc: 0.1558
 6752/50000 [===>..........................] - ETA: 56s - loss: 2.2441 - acc: 0.1560
 6816/50000 [===>..........................] - ETA: 56s - loss: 2.2438 - acc: 0.1558
 6880/50000 [===>..........................] - ETA: 56s - loss: 2.2431 - acc: 0.1562
 6944/50000 [===>..........................] - ETA: 56s - loss: 2.2420 - acc: 0.1565
 7008/50000 [===>..........................] - ETA: 55s - loss: 2.2403 - acc: 0.1578
 7072/50000 [===>..........................] - ETA: 55s - loss: 2.2394 - acc: 0.1582
 7136/50000 [===>..........................] - ETA: 55s - loss: 2.2379 - acc: 0.1593
 7200/50000 [===>..........................] - ETA: 55s - loss: 2.2367 - acc: 0.1603
 7264/50000 [===>..........................] - ETA: 55s - loss: 2.2357 - acc: 0.1611
 7328/50000 [===>..........................] - ETA: 55s - loss: 2.2347 - acc: 0.1614
 7392/50000 [===>..........................] - ETA: 55s - loss: 2.2344 - acc: 0.1614
 7456/50000 [===>..........................] - ETA: 55s - loss: 2.2335 - acc: 0.1617
 7520/50000 [===>..........................] - ETA: 55s - loss: 2.2328 - acc: 0.1628
 7584/50000 [===>..........................] - ETA: 54s - loss: 2.2322 - acc: 0.1627
 7648/50000 [===>..........................] - ETA: 54s - loss: 2.2313 - acc: 0.1638
 7712/50000 [===>..........................] - ETA: 54s - loss: 2.2299 - acc: 0.1645
 7776/50000 [===>..........................] - ETA: 54s - loss: 2.2296 - acc: 0.1649
 7840/50000 [===>..........................] - ETA: 54s - loss: 2.2284 - acc: 0.1651
 7904/50000 [===>..........................] - ETA: 54s - loss: 2.2288 - acc: 0.1654
 7968/50000 [===>..........................] - ETA: 54s - loss: 2.2282 - acc: 0.1659
 8032/50000 [===>..........................] - ETA: 54s - loss: 2.2276 - acc: 0.1661
 8096/50000 [===>..........................] - ETA: 54s - loss: 2.2271 - acc: 0.1665
 8160/50000 [===>..........................] - ETA: 54s - loss: 2.2265 - acc: 0.1672
 8224/50000 [===>..........................] - ETA: 53s - loss: 2.2257 - acc: 0.1676
 8288/50000 [===>..........................] - ETA: 53s - loss: 2.2246 - acc: 0.1681
 8352/50000 [====>.........................] - ETA: 53s - loss: 2.2241 - acc: 0.1685
 8416/50000 [====>.........................] - ETA: 53s - loss: 2.2230 - acc: 0.1685
 8480/50000 [====>.........................] - ETA: 53s - loss: 2.2219 - acc: 0.1685
 8544/50000 [====>.........................] - ETA: 53s - loss: 2.2213 - acc: 0.1685
 8608/50000 [====>.........................] - ETA: 53s - loss: 2.2203 - acc: 0.1693
 8672/50000 [====>.........................] - ETA: 53s - loss: 2.2194 - acc: 0.1695
 8736/50000 [====>.........................] - ETA: 53s - loss: 2.2181 - acc: 0.1704
 8800/50000 [====>.........................] - ETA: 53s - loss: 2.2173 - acc: 0.1708
 8864/50000 [====>.........................] - ETA: 52s - loss: 2.2154 - acc: 0.1718
 8928/50000 [====>.........................] - ETA: 52s - loss: 2.2144 - acc: 0.1719
 8992/50000 [====>.........................] - ETA: 52s - loss: 2.2128 - acc: 0.1733
 9056/50000 [====>.........................] - ETA: 52s - loss: 2.2115 - acc: 0.1741
 9120/50000 [====>.........................] - ETA: 52s - loss: 2.2108 - acc: 0.1748
 9184/50000 [====>.........................] - ETA: 52s - loss: 2.2101 - acc: 0.1755
 9248/50000 [====>.........................] - ETA: 52s - loss: 2.2093 - acc: 0.1758
 9312/50000 [====>.........................] - ETA: 52s - loss: 2.2084 - acc: 0.1764
 9376/50000 [====>.........................] - ETA: 52s - loss: 2.2073 - acc: 0.1769
 9440/50000 [====>.........................] - ETA: 52s - loss: 2.2067 - acc: 0.1775
 9504/50000 [====>.........................] - ETA: 51s - loss: 2.2064 - acc: 0.1768
 9568/50000 [====>.........................] - ETA: 51s - loss: 2.2052 - acc: 0.1779
 9632/50000 [====>.........................] - ETA: 51s - loss: 2.2043 - acc: 0.1783
 9696/50000 [====>.........................] - ETA: 51s - loss: 2.2037 - acc: 0.1789
 9760/50000 [====>.........................] - ETA: 51s - loss: 2.2029 - acc: 0.1790
 9824/50000 [====>.........................] - ETA: 51s - loss: 2.2015 - acc: 0.1800
 9888/50000 [====>.........................] - ETA: 51s - loss: 2.2005 - acc: 0.1805
 9952/50000 [====>.........................] - ETA: 51s - loss: 2.1995 - acc: 0.1807
10016/50000 [=====>........................] - ETA: 51s - loss: 2.1988 - acc: 0.1812
10080/50000 [=====>........................] - ETA: 51s - loss: 2.1982 - acc: 0.1811
10144/50000 [=====>........................] - ETA: 51s - loss: 2.1968 - acc: 0.1818
10208/50000 [=====>........................] - ETA: 51s - loss: 2.1967 - acc: 0.1818
10272/50000 [=====>........................] - ETA: 50s - loss: 2.1959 - acc: 0.1826
10336/50000 [=====>........................] - ETA: 50s - loss: 2.1947 - acc: 0.1830
10400/50000 [=====>........................] - ETA: 50s - loss: 2.1933 - acc: 0.1839
10464/50000 [=====>........................] - ETA: 50s - loss: 2.1925 - acc: 0.1842
10528/50000 [=====>........................] - ETA: 50s - loss: 2.1915 - acc: 0.1841
10592/50000 [=====>........................] - ETA: 50s - loss: 2.1911 - acc: 0.1843
10656/50000 [=====>........................] - ETA: 50s - loss: 2.1899 - acc: 0.1852
10720/50000 [=====>........................] - ETA: 50s - loss: 2.1890 - acc: 0.1855
10784/50000 [=====>........................] - ETA: 50s - loss: 2.1881 - acc: 0.1856
10848/50000 [=====>........................] - ETA: 50s - loss: 2.1874 - acc: 0.1855
10912/50000 [=====>........................] - ETA: 49s - loss: 2.1869 - acc: 0.1854
10976/50000 [=====>........................] - ETA: 49s - loss: 2.1855 - acc: 0.1864
11040/50000 [=====>........................] - ETA: 49s - loss: 2.1845 - acc: 0.1870
11104/50000 [=====>........................] - ETA: 49s - loss: 2.1834 - acc: 0.1877
11168/50000 [=====>........................] - ETA: 49s - loss: 2.1831 - acc: 0.1879
11232/50000 [=====>........................] - ETA: 49s - loss: 2.1819 - acc: 0.1880
11296/50000 [=====>........................] - ETA: 49s - loss: 2.1816 - acc: 0.1884
11360/50000 [=====>........................] - ETA: 49s - loss: 2.1817 - acc: 0.1887
11424/50000 [=====>........................] - ETA: 49s - loss: 2.1808 - acc: 0.1896
11488/50000 [=====>........................] - ETA: 49s - loss: 2.1799 - acc: 0.1895
11552/50000 [=====>........................] - ETA: 49s - loss: 2.1785 - acc: 0.1904
11616/50000 [=====>........................] - ETA: 48s - loss: 2.1777 - acc: 0.1909
11680/50000 [======>.......................] - ETA: 48s - loss: 2.1771 - acc: 0.1915
11744/50000 [======>.......................] - ETA: 48s - loss: 2.1763 - acc: 0.1920
11808/50000 [======>.......................] - ETA: 48s - loss: 2.1754 - acc: 0.1924
11872/50000 [======>.......................] - ETA: 48s - loss: 2.1753 - acc: 0.1926
11936/50000 [======>.......................] - ETA: 48s - loss: 2.1744 - acc: 0.1929
12000/50000 [======>.......................] - ETA: 48s - loss: 2.1735 - acc: 0.1933
12064/50000 [======>.......................] - ETA: 48s - loss: 2.1727 - acc: 0.1939
12128/50000 [======>.......................] - ETA: 48s - loss: 2.1713 - acc: 0.1944
12192/50000 [======>.......................] - ETA: 48s - loss: 2.1705 - acc: 0.1948
12256/50000 [======>.......................] - ETA: 47s - loss: 2.1698 - acc: 0.1948
12320/50000 [======>.......................] - ETA: 47s - loss: 2.1690 - acc: 0.1949
12384/50000 [======>.......................] - ETA: 47s - loss: 2.1677 - acc: 0.1957
12448/50000 [======>.......................] - ETA: 47s - loss: 2.1666 - acc: 0.1962
12512/50000 [======>.......................] - ETA: 47s - loss: 2.1656 - acc: 0.1969
12576/50000 [======>.......................] - ETA: 47s - loss: 2.1650 - acc: 0.1977
12640/50000 [======>.......................] - ETA: 47s - loss: 2.1645 - acc: 0.1987
12704/50000 [======>.......................] - ETA: 47s - loss: 2.1645 - acc: 0.1988
12768/50000 [======>.......................] - ETA: 47s - loss: 2.1634 - acc: 0.1993
12832/50000 [======>.......................] - ETA: 47s - loss: 2.1629 - acc: 0.1998
12896/50000 [======>.......................] - ETA: 47s - loss: 2.1625 - acc: 0.2001
12960/50000 [======>.......................] - ETA: 47s - loss: 2.1619 - acc: 0.2005
13024/50000 [======>.......................] - ETA: 46s - loss: 2.1621 - acc: 0.2003
13088/50000 [======>.......................] - ETA: 46s - loss: 2.1611 - acc: 0.2010
13152/50000 [======>.......................] - ETA: 46s - loss: 2.1606 - acc: 0.2013
13216/50000 [======>.......................] - ETA: 46s - loss: 2.1598 - acc: 0.2016
13280/50000 [======>.......................] - ETA: 46s - loss: 2.1586 - acc: 0.2020
13344/50000 [=======>......................] - ETA: 46s - loss: 2.1577 - acc: 0.2027
13408/50000 [=======>......................] - ETA: 46s - loss: 2.1571 - acc: 0.2029
13472/50000 [=======>......................] - ETA: 46s - loss: 2.1574 - acc: 0.2028
13536/50000 [=======>......................] - ETA: 46s - loss: 2.1571 - acc: 0.2031
13600/50000 [=======>......................] - ETA: 46s - loss: 2.1566 - acc: 0.2037
13664/50000 [=======>......................] - ETA: 46s - loss: 2.1558 - acc: 0.2040
13728/50000 [=======>......................] - ETA: 45s - loss: 2.1548 - acc: 0.2043
13792/50000 [=======>......................] - ETA: 45s - loss: 2.1546 - acc: 0.2048
13856/50000 [=======>......................] - ETA: 45s - loss: 2.1544 - acc: 0.2052
13920/50000 [=======>......................] - ETA: 45s - loss: 2.1543 - acc: 0.2053
13984/50000 [=======>......................] - ETA: 45s - loss: 2.1541 - acc: 0.2059
14048/50000 [=======>......................] - ETA: 45s - loss: 2.1538 - acc: 0.2063
14112/50000 [=======>......................] - ETA: 45s - loss: 2.1533 - acc: 0.2067
14176/50000 [=======>......................] - ETA: 45s - loss: 2.1527 - acc: 0.2068
14240/50000 [=======>......................] - ETA: 45s - loss: 2.1521 - acc: 0.2070
14304/50000 [=======>......................] - ETA: 45s - loss: 2.1515 - acc: 0.2071
14368/50000 [=======>......................] - ETA: 45s - loss: 2.1507 - acc: 0.2079
14432/50000 [=======>......................] - ETA: 45s - loss: 2.1502 - acc: 0.2082
14496/50000 [=======>......................] - ETA: 44s - loss: 2.1501 - acc: 0.2083
14560/50000 [=======>......................] - ETA: 44s - loss: 2.1492 - acc: 0.2088
14624/50000 [=======>......................] - ETA: 44s - loss: 2.1482 - acc: 0.2097
14688/50000 [=======>......................] - ETA: 44s - loss: 2.1478 - acc: 0.2097
14752/50000 [=======>......................] - ETA: 44s - loss: 2.1472 - acc: 0.2097
14816/50000 [=======>......................] - ETA: 44s - loss: 2.1465 - acc: 0.2101
14880/50000 [=======>......................] - ETA: 44s - loss: 2.1454 - acc: 0.2106
14944/50000 [=======>......................] - ETA: 44s - loss: 2.1443 - acc: 0.2111
15008/50000 [========>.....................] - ETA: 44s - loss: 2.1438 - acc: 0.2114
15072/50000 [========>.....................] - ETA: 44s - loss: 2.1431 - acc: 0.2117
15136/50000 [========>.....................] - ETA: 44s - loss: 2.1431 - acc: 0.2116
15200/50000 [========>.....................] - ETA: 43s - loss: 2.1424 - acc: 0.2119
15264/50000 [========>.....................] - ETA: 43s - loss: 2.1420 - acc: 0.2121
15328/50000 [========>.....................] - ETA: 43s - loss: 2.1418 - acc: 0.2124
15392/50000 [========>.....................] - ETA: 43s - loss: 2.1407 - acc: 0.2125
15456/50000 [========>.....................] - ETA: 43s - loss: 2.1399 - acc: 0.2129
15520/50000 [========>.....................] - ETA: 43s - loss: 2.1389 - acc: 0.2135
15584/50000 [========>.....................] - ETA: 43s - loss: 2.1384 - acc: 0.2136
15648/50000 [========>.....................] - ETA: 43s - loss: 2.1376 - acc: 0.2138
15712/50000 [========>.....................] - ETA: 43s - loss: 2.1373 - acc: 0.2138
15776/50000 [========>.....................] - ETA: 43s - loss: 2.1369 - acc: 0.2139
15840/50000 [========>.....................] - ETA: 43s - loss: 2.1365 - acc: 0.2138
15904/50000 [========>.....................] - ETA: 43s - loss: 2.1359 - acc: 0.2141
15968/50000 [========>.....................] - ETA: 42s - loss: 2.1353 - acc: 0.2143
16032/50000 [========>.....................] - ETA: 42s - loss: 2.1353 - acc: 0.2145
16096/50000 [========>.....................] - ETA: 42s - loss: 2.1345 - acc: 0.2148
16160/50000 [========>.....................] - ETA: 42s - loss: 2.1342 - acc: 0.2150
16224/50000 [========>.....................] - ETA: 42s - loss: 2.1334 - acc: 0.2155
16288/50000 [========>.....................] - ETA: 42s - loss: 2.1329 - acc: 0.2160
16352/50000 [========>.....................] - ETA: 42s - loss: 2.1316 - acc: 0.2166
16416/50000 [========>.....................] - ETA: 42s - loss: 2.1309 - acc: 0.2168
16480/50000 [========>.....................] - ETA: 42s - loss: 2.1306 - acc: 0.2171
16544/50000 [========>.....................] - ETA: 42s - loss: 2.1301 - acc: 0.2177
16608/50000 [========>.....................] - ETA: 42s - loss: 2.1294 - acc: 0.2180
16672/50000 [=========>....................] - ETA: 42s - loss: 2.1287 - acc: 0.2183
16736/50000 [=========>....................] - ETA: 41s - loss: 2.1281 - acc: 0.2185
16800/50000 [=========>....................] - ETA: 41s - loss: 2.1274 - acc: 0.2186
16864/50000 [=========>....................] - ETA: 41s - loss: 2.1265 - acc: 0.2190
16928/50000 [=========>....................] - ETA: 41s - loss: 2.1258 - acc: 0.2196
16992/50000 [=========>....................] - ETA: 41s - loss: 2.1249 - acc: 0.2199
17056/50000 [=========>....................] - ETA: 41s - loss: 2.1242 - acc: 0.2203
17120/50000 [=========>....................] - ETA: 41s - loss: 2.1233 - acc: 0.2210
17184/50000 [=========>....................] - ETA: 41s - loss: 2.1225 - acc: 0.2216
17248/50000 [=========>....................] - ETA: 41s - loss: 2.1217 - acc: 0.2219
17312/50000 [=========>....................] - ETA: 41s - loss: 2.1215 - acc: 0.2220
17376/50000 [=========>....................] - ETA: 41s - loss: 2.1210 - acc: 0.2220
17440/50000 [=========>....................] - ETA: 40s - loss: 2.1206 - acc: 0.2221
17504/50000 [=========>....................] - ETA: 40s - loss: 2.1196 - acc: 0.2224
17568/50000 [=========>....................] - ETA: 40s - loss: 2.1182 - acc: 0.2230
17632/50000 [=========>....................] - ETA: 40s - loss: 2.1173 - acc: 0.2233
17696/50000 [=========>....................] - ETA: 40s - loss: 2.1171 - acc: 0.2233
17760/50000 [=========>....................] - ETA: 40s - loss: 2.1165 - acc: 0.2236
17824/50000 [=========>....................] - ETA: 40s - loss: 2.1153 - acc: 0.2241
17888/50000 [=========>....................] - ETA: 40s - loss: 2.1143 - acc: 0.2246
17952/50000 [=========>....................] - ETA: 40s - loss: 2.1140 - acc: 0.2248
18016/50000 [=========>....................] - ETA: 40s - loss: 2.1136 - acc: 0.2252
18080/50000 [=========>....................] - ETA: 40s - loss: 2.1128 - acc: 0.2257
18144/50000 [=========>....................] - ETA: 40s - loss: 2.1120 - acc: 0.2261
18208/50000 [=========>....................] - ETA: 39s - loss: 2.1116 - acc: 0.2264
18272/50000 [=========>....................] - ETA: 39s - loss: 2.1112 - acc: 0.2267
18336/50000 [==========>...................] - ETA: 39s - loss: 2.1107 - acc: 0.2270
18400/50000 [==========>...................] - ETA: 39s - loss: 2.1104 - acc: 0.2272
18464/50000 [==========>...................] - ETA: 39s - loss: 2.1098 - acc: 0.2275
18528/50000 [==========>...................] - ETA: 39s - loss: 2.1098 - acc: 0.2275
18592/50000 [==========>...................] - ETA: 39s - loss: 2.1090 - acc: 0.2278
18656/50000 [==========>...................] - ETA: 39s - loss: 2.1089 - acc: 0.2278
18720/50000 [==========>...................] - ETA: 39s - loss: 2.1083 - acc: 0.2280
18784/50000 [==========>...................] - ETA: 39s - loss: 2.1078 - acc: 0.2282
18848/50000 [==========>...................] - ETA: 39s - loss: 2.1070 - acc: 0.2287
18912/50000 [==========>...................] - ETA: 39s - loss: 2.1067 - acc: 0.2288
18976/50000 [==========>...................] - ETA: 38s - loss: 2.1058 - acc: 0.2289
19040/50000 [==========>...................] - ETA: 38s - loss: 2.1053 - acc: 0.2293
19104/50000 [==========>...................] - ETA: 38s - loss: 2.1052 - acc: 0.2293
19168/50000 [==========>...................] - ETA: 38s - loss: 2.1051 - acc: 0.2294
19232/50000 [==========>...................] - ETA: 38s - loss: 2.1041 - acc: 0.2299
19296/50000 [==========>...................] - ETA: 38s - loss: 2.1036 - acc: 0.2302
19360/50000 [==========>...................] - ETA: 38s - loss: 2.1028 - acc: 0.2304
19424/50000 [==========>...................] - ETA: 38s - loss: 2.1028 - acc: 0.2304
19488/50000 [==========>...................] - ETA: 38s - loss: 2.1019 - acc: 0.2307
19552/50000 [==========>...................] - ETA: 38s - loss: 2.1013 - acc: 0.2311
19616/50000 [==========>...................] - ETA: 38s - loss: 2.1008 - acc: 0.2313
19680/50000 [==========>...................] - ETA: 38s - loss: 2.1004 - acc: 0.2316
19744/50000 [==========>...................] - ETA: 37s - loss: 2.1001 - acc: 0.2318
19808/50000 [==========>...................] - ETA: 37s - loss: 2.0999 - acc: 0.2318
19872/50000 [==========>...................] - ETA: 37s - loss: 2.0997 - acc: 0.2317
19936/50000 [==========>...................] - ETA: 37s - loss: 2.0988 - acc: 0.2325
20000/50000 [===========>..................] - ETA: 37s - loss: 2.0980 - acc: 0.2327
20064/50000 [===========>..................] - ETA: 37s - loss: 2.0978 - acc: 0.2329
20128/50000 [===========>..................] - ETA: 37s - loss: 2.0972 - acc: 0.2335
20192/50000 [===========>..................] - ETA: 37s - loss: 2.0965 - acc: 0.2336
20256/50000 [===========>..................] - ETA: 37s - loss: 2.0967 - acc: 0.2337
20320/50000 [===========>..................] - ETA: 37s - loss: 2.0960 - acc: 0.2340
20384/50000 [===========>..................] - ETA: 37s - loss: 2.0956 - acc: 0.2340
20448/50000 [===========>..................] - ETA: 37s - loss: 2.0951 - acc: 0.2340
20512/50000 [===========>..................] - ETA: 36s - loss: 2.0944 - acc: 0.2341
20576/50000 [===========>..................] - ETA: 36s - loss: 2.0942 - acc: 0.2343
20640/50000 [===========>..................] - ETA: 36s - loss: 2.0943 - acc: 0.2344
20704/50000 [===========>..................] - ETA: 36s - loss: 2.0942 - acc: 0.2345
20768/50000 [===========>..................] - ETA: 36s - loss: 2.0936 - acc: 0.2345
20832/50000 [===========>..................] - ETA: 36s - loss: 2.0936 - acc: 0.2343
20896/50000 [===========>..................] - ETA: 36s - loss: 2.0931 - acc: 0.2343
20960/50000 [===========>..................] - ETA: 36s - loss: 2.0925 - acc: 0.2346
21024/50000 [===========>..................] - ETA: 36s - loss: 2.0917 - acc: 0.2350
21088/50000 [===========>..................] - ETA: 36s - loss: 2.0915 - acc: 0.2353
21152/50000 [===========>..................] - ETA: 36s - loss: 2.0905 - acc: 0.2358
21216/50000 [===========>..................] - ETA: 36s - loss: 2.0897 - acc: 0.2363
21280/50000 [===========>..................] - ETA: 36s - loss: 2.0895 - acc: 0.2365
21344/50000 [===========>..................] - ETA: 35s - loss: 2.0895 - acc: 0.2366
21408/50000 [===========>..................] - ETA: 35s - loss: 2.0893 - acc: 0.2366
21472/50000 [===========>..................] - ETA: 35s - loss: 2.0886 - acc: 0.2369
21536/50000 [===========>..................] - ETA: 35s - loss: 2.0881 - acc: 0.2372
21600/50000 [===========>..................] - ETA: 35s - loss: 2.0877 - acc: 0.2374
21664/50000 [===========>..................] - ETA: 35s - loss: 2.0878 - acc: 0.2377
21728/50000 [============>.................] - ETA: 35s - loss: 2.0876 - acc: 0.2378
21792/50000 [============>.................] - ETA: 35s - loss: 2.0868 - acc: 0.2382
21856/50000 [============>.................] - ETA: 35s - loss: 2.0862 - acc: 0.2385
21920/50000 [============>.................] - ETA: 35s - loss: 2.0862 - acc: 0.2384
21984/50000 [============>.................] - ETA: 35s - loss: 2.0855 - acc: 0.2387
22048/50000 [============>.................] - ETA: 35s - loss: 2.0855 - acc: 0.2388
22112/50000 [============>.................] - ETA: 34s - loss: 2.0851 - acc: 0.2390
22176/50000 [============>.................] - ETA: 34s - loss: 2.0841 - acc: 0.2394
22240/50000 [============>.................] - ETA: 34s - loss: 2.0838 - acc: 0.2395
22304/50000 [============>.................] - ETA: 34s - loss: 2.0832 - acc: 0.2399
22368/50000 [============>.................] - ETA: 34s - loss: 2.0824 - acc: 0.2403
22432/50000 [============>.................] - ETA: 34s - loss: 2.0823 - acc: 0.2402
22496/50000 [============>.................] - ETA: 34s - loss: 2.0819 - acc: 0.2405
22560/50000 [============>.................] - ETA: 34s - loss: 2.0814 - acc: 0.2408
22624/50000 [============>.................] - ETA: 34s - loss: 2.0811 - acc: 0.2411
22688/50000 [============>.................] - ETA: 34s - loss: 2.0807 - acc: 0.2411
22752/50000 [============>.................] - ETA: 34s - loss: 2.0802 - acc: 0.2414
22816/50000 [============>.................] - ETA: 34s - loss: 2.0800 - acc: 0.2415
22880/50000 [============>.................] - ETA: 33s - loss: 2.0796 - acc: 0.2416
22944/50000 [============>.................] - ETA: 33s - loss: 2.0795 - acc: 0.2415
23008/50000 [============>.................] - ETA: 33s - loss: 2.0789 - acc: 0.2417
23072/50000 [============>.................] - ETA: 33s - loss: 2.0786 - acc: 0.2418
23136/50000 [============>.................] - ETA: 33s - loss: 2.0783 - acc: 0.2417
23200/50000 [============>.................] - ETA: 33s - loss: 2.0778 - acc: 0.2419
23264/50000 [============>.................] - ETA: 33s - loss: 2.0776 - acc: 0.2420
23328/50000 [============>.................] - ETA: 33s - loss: 2.0774 - acc: 0.2421
23392/50000 [=============>................] - ETA: 33s - loss: 2.0770 - acc: 0.2424
23456/50000 [=============>................] - ETA: 33s - loss: 2.0764 - acc: 0.2425
23520/50000 [=============>................] - ETA: 33s - loss: 2.0760 - acc: 0.2426
23584/50000 [=============>................] - ETA: 33s - loss: 2.0755 - acc: 0.2429
23648/50000 [=============>................] - ETA: 33s - loss: 2.0754 - acc: 0.2430
23712/50000 [=============>................] - ETA: 32s - loss: 2.0753 - acc: 0.2429
23776/50000 [=============>................] - ETA: 32s - loss: 2.0747 - acc: 0.2432
23840/50000 [=============>................] - ETA: 32s - loss: 2.0742 - acc: 0.2434
23904/50000 [=============>................] - ETA: 32s - loss: 2.0742 - acc: 0.2434
23968/50000 [=============>................] - ETA: 32s - loss: 2.0742 - acc: 0.2437
24032/50000 [=============>................] - ETA: 32s - loss: 2.0733 - acc: 0.2441
24096/50000 [=============>................] - ETA: 32s - loss: 2.0731 - acc: 0.2441
24160/50000 [=============>................] - ETA: 32s - loss: 2.0728 - acc: 0.2441
24224/50000 [=============>................] - ETA: 32s - loss: 2.0723 - acc: 0.2444
24288/50000 [=============>................] - ETA: 32s - loss: 2.0721 - acc: 0.2445
24352/50000 [=============>................] - ETA: 32s - loss: 2.0720 - acc: 0.2446
24416/50000 [=============>................] - ETA: 32s - loss: 2.0717 - acc: 0.2447
24480/50000 [=============>................] - ETA: 31s - loss: 2.0709 - acc: 0.2451
24544/50000 [=============>................] - ETA: 31s - loss: 2.0709 - acc: 0.2452
24608/50000 [=============>................] - ETA: 31s - loss: 2.0709 - acc: 0.2452
24672/50000 [=============>................] - ETA: 31s - loss: 2.0701 - acc: 0.2454
24736/50000 [=============>................] - ETA: 31s - loss: 2.0695 - acc: 0.2456
24800/50000 [=============>................] - ETA: 31s - loss: 2.0693 - acc: 0.2457
24864/50000 [=============>................] - ETA: 31s - loss: 2.0690 - acc: 0.2460
24928/50000 [=============>................] - ETA: 31s - loss: 2.0685 - acc: 0.2460
24992/50000 [=============>................] - ETA: 31s - loss: 2.0679 - acc: 0.2463
25056/50000 [==============>...............] - ETA: 31s - loss: 2.0673 - acc: 0.2467
25120/50000 [==============>...............] - ETA: 31s - loss: 2.0667 - acc: 0.2471
25184/50000 [==============>...............] - ETA: 31s - loss: 2.0662 - acc: 0.2474
25248/50000 [==============>...............] - ETA: 30s - loss: 2.0655 - acc: 0.2477
25312/50000 [==============>...............] - ETA: 30s - loss: 2.0650 - acc: 0.2481
25376/50000 [==============>...............] - ETA: 30s - loss: 2.0645 - acc: 0.2484
25440/50000 [==============>...............] - ETA: 30s - loss: 2.0641 - acc: 0.2487
25504/50000 [==============>...............] - ETA: 30s - loss: 2.0635 - acc: 0.2488
25568/50000 [==============>...............] - ETA: 30s - loss: 2.0633 - acc: 0.2489
25632/50000 [==============>...............] - ETA: 30s - loss: 2.0629 - acc: 0.2492
25696/50000 [==============>...............] - ETA: 30s - loss: 2.0629 - acc: 0.2492
25760/50000 [==============>...............] - ETA: 30s - loss: 2.0622 - acc: 0.2495
25824/50000 [==============>...............] - ETA: 30s - loss: 2.0617 - acc: 0.2497
25888/50000 [==============>...............] - ETA: 30s - loss: 2.0613 - acc: 0.2499
25952/50000 [==============>...............] - ETA: 30s - loss: 2.0609 - acc: 0.2501
26016/50000 [==============>...............] - ETA: 30s - loss: 2.0607 - acc: 0.2503
26080/50000 [==============>...............] - ETA: 29s - loss: 2.0603 - acc: 0.2504
26144/50000 [==============>...............] - ETA: 29s - loss: 2.0601 - acc: 0.2503
26208/50000 [==============>...............] - ETA: 29s - loss: 2.0599 - acc: 0.2504
26272/50000 [==============>...............] - ETA: 29s - loss: 2.0597 - acc: 0.2503
26336/50000 [==============>...............] - ETA: 29s - loss: 2.0592 - acc: 0.2505
26400/50000 [==============>...............] - ETA: 29s - loss: 2.0588 - acc: 0.2507
26464/50000 [==============>...............] - ETA: 29s - loss: 2.0590 - acc: 0.2505
26528/50000 [==============>...............] - ETA: 29s - loss: 2.0586 - acc: 0.2507
26592/50000 [==============>...............] - ETA: 29s - loss: 2.0584 - acc: 0.2508
26656/50000 [==============>...............] - ETA: 29s - loss: 2.0580 - acc: 0.2511
26720/50000 [===============>..............] - ETA: 29s - loss: 2.0576 - acc: 0.2513
26784/50000 [===============>..............] - ETA: 29s - loss: 2.0572 - acc: 0.2514
26848/50000 [===============>..............] - ETA: 28s - loss: 2.0565 - acc: 0.2517
26912/50000 [===============>..............] - ETA: 28s - loss: 2.0562 - acc: 0.2518
26976/50000 [===============>..............] - ETA: 28s - loss: 2.0558 - acc: 0.2520
27040/50000 [===============>..............] - ETA: 28s - loss: 2.0553 - acc: 0.2521
27104/50000 [===============>..............] - ETA: 28s - loss: 2.0547 - acc: 0.2524
27168/50000 [===============>..............] - ETA: 28s - loss: 2.0545 - acc: 0.2525
27232/50000 [===============>..............] - ETA: 28s - loss: 2.0542 - acc: 0.2527
27296/50000 [===============>..............] - ETA: 28s - loss: 2.0537 - acc: 0.2530
27360/50000 [===============>..............] - ETA: 28s - loss: 2.0532 - acc: 0.2531
27424/50000 [===============>..............] - ETA: 28s - loss: 2.0528 - acc: 0.2534
27488/50000 [===============>..............] - ETA: 28s - loss: 2.0527 - acc: 0.2535
27552/50000 [===============>..............] - ETA: 28s - loss: 2.0525 - acc: 0.2536
27616/50000 [===============>..............] - ETA: 28s - loss: 2.0523 - acc: 0.2536
27680/50000 [===============>..............] - ETA: 27s - loss: 2.0520 - acc: 0.2536
27744/50000 [===============>..............] - ETA: 27s - loss: 2.0514 - acc: 0.2539
27808/50000 [===============>..............] - ETA: 27s - loss: 2.0512 - acc: 0.2538
27872/50000 [===============>..............] - ETA: 27s - loss: 2.0506 - acc: 0.2538
27936/50000 [===============>..............] - ETA: 27s - loss: 2.0503 - acc: 0.2540
28000/50000 [===============>..............] - ETA: 27s - loss: 2.0502 - acc: 0.2540
28064/50000 [===============>..............] - ETA: 27s - loss: 2.0498 - acc: 0.2541
28128/50000 [===============>..............] - ETA: 27s - loss: 2.0494 - acc: 0.2543
28192/50000 [===============>..............] - ETA: 27s - loss: 2.0490 - acc: 0.2543
28256/50000 [===============>..............] - ETA: 27s - loss: 2.0482 - acc: 0.2546
28320/50000 [===============>..............] - ETA: 27s - loss: 2.0482 - acc: 0.2546
28384/50000 [================>.............] - ETA: 27s - loss: 2.0478 - acc: 0.2547
28448/50000 [================>.............] - ETA: 26s - loss: 2.0475 - acc: 0.2547
28512/50000 [================>.............] - ETA: 26s - loss: 2.0475 - acc: 0.2548
28576/50000 [================>.............] - ETA: 26s - loss: 2.0474 - acc: 0.2549
28640/50000 [================>.............] - ETA: 26s - loss: 2.0470 - acc: 0.2549
28704/50000 [================>.............] - ETA: 26s - loss: 2.0463 - acc: 0.2552
28768/50000 [================>.............] - ETA: 26s - loss: 2.0460 - acc: 0.2553
28832/50000 [================>.............] - ETA: 26s - loss: 2.0457 - acc: 0.2557
28896/50000 [================>.............] - ETA: 26s - loss: 2.0455 - acc: 0.2557
28960/50000 [================>.............] - ETA: 26s - loss: 2.0452 - acc: 0.2559
29024/50000 [================>.............] - ETA: 26s - loss: 2.0447 - acc: 0.2561
29088/50000 [================>.............] - ETA: 26s - loss: 2.0445 - acc: 0.2563
29152/50000 [================>.............] - ETA: 26s - loss: 2.0446 - acc: 0.2564
29216/50000 [================>.............] - ETA: 25s - loss: 2.0442 - acc: 0.2567
29280/50000 [================>.............] - ETA: 25s - loss: 2.0438 - acc: 0.2569
29344/50000 [================>.............] - ETA: 25s - loss: 2.0436 - acc: 0.2571
29408/50000 [================>.............] - ETA: 25s - loss: 2.0428 - acc: 0.2573
29472/50000 [================>.............] - ETA: 25s - loss: 2.0423 - acc: 0.2574
29536/50000 [================>.............] - ETA: 25s - loss: 2.0422 - acc: 0.2575
29600/50000 [================>.............] - ETA: 25s - loss: 2.0416 - acc: 0.2578
29664/50000 [================>.............] - ETA: 25s - loss: 2.0416 - acc: 0.2579
29728/50000 [================>.............] - ETA: 25s - loss: 2.0413 - acc: 0.2583
29792/50000 [================>.............] - ETA: 25s - loss: 2.0407 - acc: 0.2586
29856/50000 [================>.............] - ETA: 25s - loss: 2.0405 - acc: 0.2587
29920/50000 [================>.............] - ETA: 25s - loss: 2.0404 - acc: 0.2588
29984/50000 [================>.............] - ETA: 25s - loss: 2.0400 - acc: 0.2589
30048/50000 [=================>............] - ETA: 24s - loss: 2.0399 - acc: 0.2590
30112/50000 [=================>............] - ETA: 24s - loss: 2.0397 - acc: 0.2591
30176/50000 [=================>............] - ETA: 24s - loss: 2.0394 - acc: 0.2593
30240/50000 [=================>............] - ETA: 24s - loss: 2.0388 - acc: 0.2596
30304/50000 [=================>............] - ETA: 24s - loss: 2.0383 - acc: 0.2599
30368/50000 [=================>............] - ETA: 24s - loss: 2.0378 - acc: 0.2601
30432/50000 [=================>............] - ETA: 24s - loss: 2.0374 - acc: 0.2604
30496/50000 [=================>............] - ETA: 24s - loss: 2.0371 - acc: 0.2606
30560/50000 [=================>............] - ETA: 24s - loss: 2.0369 - acc: 0.2608
30624/50000 [=================>............] - ETA: 24s - loss: 2.0369 - acc: 0.2609
30688/50000 [=================>............] - ETA: 24s - loss: 2.0363 - acc: 0.2612
30752/50000 [=================>............] - ETA: 24s - loss: 2.0358 - acc: 0.2614
30816/50000 [=================>............] - ETA: 23s - loss: 2.0352 - acc: 0.2616
30880/50000 [=================>............] - ETA: 23s - loss: 2.0348 - acc: 0.2619
30944/50000 [=================>............] - ETA: 23s - loss: 2.0346 - acc: 0.2618
31008/50000 [=================>............] - ETA: 23s - loss: 2.0344 - acc: 0.2621
31072/50000 [=================>............] - ETA: 23s - loss: 2.0339 - acc: 0.2624
31136/50000 [=================>............] - ETA: 23s - loss: 2.0336 - acc: 0.2624
31200/50000 [=================>............] - ETA: 23s - loss: 2.0332 - acc: 0.2627
31264/50000 [=================>............] - ETA: 23s - loss: 2.0329 - acc: 0.2628
31328/50000 [=================>............] - ETA: 23s - loss: 2.0324 - acc: 0.2631
31392/50000 [=================>............] - ETA: 23s - loss: 2.0321 - acc: 0.2632
31456/50000 [=================>............] - ETA: 23s - loss: 2.0318 - acc: 0.2633
31520/50000 [=================>............] - ETA: 23s - loss: 2.0314 - acc: 0.2635
31584/50000 [=================>............] - ETA: 23s - loss: 2.0314 - acc: 0.2636
31648/50000 [=================>............] - ETA: 22s - loss: 2.0311 - acc: 0.2637
31712/50000 [==================>...........] - ETA: 22s - loss: 2.0308 - acc: 0.2638
31776/50000 [==================>...........] - ETA: 22s - loss: 2.0304 - acc: 0.2639
31840/50000 [==================>...........] - ETA: 22s - loss: 2.0301 - acc: 0.2642
31904/50000 [==================>...........] - ETA: 22s - loss: 2.0299 - acc: 0.2642
31968/50000 [==================>...........] - ETA: 22s - loss: 2.0292 - acc: 0.2645
32032/50000 [==================>...........] - ETA: 22s - loss: 2.0290 - acc: 0.2645
32096/50000 [==================>...........] - ETA: 22s - loss: 2.0286 - acc: 0.2646
32160/50000 [==================>...........] - ETA: 22s - loss: 2.0282 - acc: 0.2648
32224/50000 [==================>...........] - ETA: 22s - loss: 2.0280 - acc: 0.2649
32288/50000 [==================>...........] - ETA: 22s - loss: 2.0278 - acc: 0.2651
32352/50000 [==================>...........] - ETA: 22s - loss: 2.0279 - acc: 0.2650
32416/50000 [==================>...........] - ETA: 21s - loss: 2.0275 - acc: 0.2653
32480/50000 [==================>...........] - ETA: 21s - loss: 2.0271 - acc: 0.2654
32544/50000 [==================>...........] - ETA: 21s - loss: 2.0270 - acc: 0.2656
32608/50000 [==================>...........] - ETA: 21s - loss: 2.0265 - acc: 0.2659
32672/50000 [==================>...........] - ETA: 21s - loss: 2.0260 - acc: 0.2661
32736/50000 [==================>...........] - ETA: 21s - loss: 2.0259 - acc: 0.2663
32800/50000 [==================>...........] - ETA: 21s - loss: 2.0256 - acc: 0.2665
32864/50000 [==================>...........] - ETA: 21s - loss: 2.0256 - acc: 0.2666
32928/50000 [==================>...........] - ETA: 21s - loss: 2.0253 - acc: 0.2668
32992/50000 [==================>...........] - ETA: 21s - loss: 2.0253 - acc: 0.2668
33056/50000 [==================>...........] - ETA: 21s - loss: 2.0249 - acc: 0.2670
33120/50000 [==================>...........] - ETA: 21s - loss: 2.0247 - acc: 0.2671
33184/50000 [==================>...........] - ETA: 21s - loss: 2.0244 - acc: 0.2672
33248/50000 [==================>...........] - ETA: 20s - loss: 2.0242 - acc: 0.2673
33312/50000 [==================>...........] - ETA: 20s - loss: 2.0234 - acc: 0.2678
33376/50000 [===================>..........] - ETA: 20s - loss: 2.0230 - acc: 0.2679
33440/50000 [===================>..........] - ETA: 20s - loss: 2.0222 - acc: 0.2682
33504/50000 [===================>..........] - ETA: 20s - loss: 2.0221 - acc: 0.2682
33568/50000 [===================>..........] - ETA: 20s - loss: 2.0217 - acc: 0.2683
33632/50000 [===================>..........] - ETA: 20s - loss: 2.0215 - acc: 0.2683
33696/50000 [===================>..........] - ETA: 20s - loss: 2.0211 - acc: 0.2683
33760/50000 [===================>..........] - ETA: 20s - loss: 2.0210 - acc: 0.2683
33824/50000 [===================>..........] - ETA: 20s - loss: 2.0207 - acc: 0.2685
33888/50000 [===================>..........] - ETA: 20s - loss: 2.0207 - acc: 0.2684
33952/50000 [===================>..........] - ETA: 20s - loss: 2.0208 - acc: 0.2683
34016/50000 [===================>..........] - ETA: 19s - loss: 2.0205 - acc: 0.2684
34080/50000 [===================>..........] - ETA: 19s - loss: 2.0203 - acc: 0.2684
34144/50000 [===================>..........] - ETA: 19s - loss: 2.0201 - acc: 0.2684
34208/50000 [===================>..........] - ETA: 19s - loss: 2.0198 - acc: 0.2684
34272/50000 [===================>..........] - ETA: 19s - loss: 2.0197 - acc: 0.2685
34336/50000 [===================>..........] - ETA: 19s - loss: 2.0197 - acc: 0.2685
34400/50000 [===================>..........] - ETA: 19s - loss: 2.0192 - acc: 0.2687
34464/50000 [===================>..........] - ETA: 19s - loss: 2.0189 - acc: 0.2689
34528/50000 [===================>..........] - ETA: 19s - loss: 2.0189 - acc: 0.2690
34592/50000 [===================>..........] - ETA: 19s - loss: 2.0187 - acc: 0.2691
34656/50000 [===================>..........] - ETA: 19s - loss: 2.0181 - acc: 0.2693
34720/50000 [===================>..........] - ETA: 19s - loss: 2.0175 - acc: 0.2696
34784/50000 [===================>..........] - ETA: 19s - loss: 2.0171 - acc: 0.2697
34848/50000 [===================>..........] - ETA: 18s - loss: 2.0166 - acc: 0.2699
34912/50000 [===================>..........] - ETA: 18s - loss: 2.0163 - acc: 0.2701
34976/50000 [===================>..........] - ETA: 18s - loss: 2.0161 - acc: 0.2702
35040/50000 [====================>.........] - ETA: 18s - loss: 2.0157 - acc: 0.2703
35104/50000 [====================>.........] - ETA: 18s - loss: 2.0155 - acc: 0.2705
35168/50000 [====================>.........] - ETA: 18s - loss: 2.0150 - acc: 0.2708
35232/50000 [====================>.........] - ETA: 18s - loss: 2.0147 - acc: 0.2709
35296/50000 [====================>.........] - ETA: 18s - loss: 2.0145 - acc: 0.2711
35360/50000 [====================>.........] - ETA: 18s - loss: 2.0142 - acc: 0.2713
35424/50000 [====================>.........] - ETA: 18s - loss: 2.0142 - acc: 0.2713
35488/50000 [====================>.........] - ETA: 18s - loss: 2.0140 - acc: 0.2714
35552/50000 [====================>.........] - ETA: 18s - loss: 2.0135 - acc: 0.2716
35616/50000 [====================>.........] - ETA: 17s - loss: 2.0132 - acc: 0.2716
35680/50000 [====================>.........] - ETA: 17s - loss: 2.0130 - acc: 0.2717
35744/50000 [====================>.........] - ETA: 17s - loss: 2.0130 - acc: 0.2717
35808/50000 [====================>.........] - ETA: 17s - loss: 2.0127 - acc: 0.2718
35872/50000 [====================>.........] - ETA: 17s - loss: 2.0125 - acc: 0.2719
35936/50000 [====================>.........] - ETA: 17s - loss: 2.0122 - acc: 0.2721
36000/50000 [====================>.........] - ETA: 17s - loss: 2.0121 - acc: 0.2723
36064/50000 [====================>.........] - ETA: 17s - loss: 2.0120 - acc: 0.2724
36128/50000 [====================>.........] - ETA: 17s - loss: 2.0120 - acc: 0.2725
36192/50000 [====================>.........] - ETA: 17s - loss: 2.0120 - acc: 0.2726
36256/50000 [====================>.........] - ETA: 17s - loss: 2.0119 - acc: 0.2728
36320/50000 [====================>.........] - ETA: 17s - loss: 2.0116 - acc: 0.2729
36384/50000 [====================>.........] - ETA: 17s - loss: 2.0111 - acc: 0.2732
36448/50000 [====================>.........] - ETA: 16s - loss: 2.0108 - acc: 0.2733
36512/50000 [====================>.........] - ETA: 16s - loss: 2.0107 - acc: 0.2732
36576/50000 [====================>.........] - ETA: 16s - loss: 2.0103 - acc: 0.2735
36640/50000 [====================>.........] - ETA: 16s - loss: 2.0099 - acc: 0.2737
36704/50000 [=====================>........] - ETA: 16s - loss: 2.0097 - acc: 0.2737
36768/50000 [=====================>........] - ETA: 16s - loss: 2.0094 - acc: 0.2738
36832/50000 [=====================>........] - ETA: 16s - loss: 2.0093 - acc: 0.2738
36896/50000 [=====================>........] - ETA: 16s - loss: 2.0091 - acc: 0.2738
36960/50000 [=====================>........] - ETA: 16s - loss: 2.0089 - acc: 0.2739
37024/50000 [=====================>........] - ETA: 16s - loss: 2.0085 - acc: 0.2741
37088/50000 [=====================>........] - ETA: 16s - loss: 2.0088 - acc: 0.2741
37152/50000 [=====================>........] - ETA: 16s - loss: 2.0086 - acc: 0.2742
37216/50000 [=====================>........] - ETA: 15s - loss: 2.0082 - acc: 0.2743
37280/50000 [=====================>........] - ETA: 15s - loss: 2.0079 - acc: 0.2746
37344/50000 [=====================>........] - ETA: 15s - loss: 2.0078 - acc: 0.2746
37408/50000 [=====================>........] - ETA: 15s - loss: 2.0078 - acc: 0.2748
37472/50000 [=====================>........] - ETA: 15s - loss: 2.0075 - acc: 0.2748
37536/50000 [=====================>........] - ETA: 15s - loss: 2.0069 - acc: 0.2751
37600/50000 [=====================>........] - ETA: 15s - loss: 2.0069 - acc: 0.2752
37664/50000 [=====================>........] - ETA: 15s - loss: 2.0068 - acc: 0.2751
37728/50000 [=====================>........] - ETA: 15s - loss: 2.0062 - acc: 0.2753
37792/50000 [=====================>........] - ETA: 15s - loss: 2.0060 - acc: 0.2754
37856/50000 [=====================>........] - ETA: 15s - loss: 2.0059 - acc: 0.2754
37920/50000 [=====================>........] - ETA: 15s - loss: 2.0055 - acc: 0.2755
37984/50000 [=====================>........] - ETA: 15s - loss: 2.0056 - acc: 0.2757
38048/50000 [=====================>........] - ETA: 14s - loss: 2.0053 - acc: 0.2758
38112/50000 [=====================>........] - ETA: 14s - loss: 2.0052 - acc: 0.2757
38176/50000 [=====================>........] - ETA: 14s - loss: 2.0047 - acc: 0.2760
38240/50000 [=====================>........] - ETA: 14s - loss: 2.0045 - acc: 0.2762
38304/50000 [=====================>........] - ETA: 14s - loss: 2.0044 - acc: 0.2761
38368/50000 [======================>.......] - ETA: 14s - loss: 2.0040 - acc: 0.2764
38432/50000 [======================>.......] - ETA: 14s - loss: 2.0037 - acc: 0.2765
38496/50000 [======================>.......] - ETA: 14s - loss: 2.0037 - acc: 0.2765
38560/50000 [======================>.......] - ETA: 14s - loss: 2.0034 - acc: 0.2768
38624/50000 [======================>.......] - ETA: 14s - loss: 2.0031 - acc: 0.2769
38688/50000 [======================>.......] - ETA: 14s - loss: 2.0026 - acc: 0.2771
38752/50000 [======================>.......] - ETA: 14s - loss: 2.0025 - acc: 0.2772
38816/50000 [======================>.......] - ETA: 13s - loss: 2.0026 - acc: 0.2771
38880/50000 [======================>.......] - ETA: 13s - loss: 2.0022 - acc: 0.2772
38944/50000 [======================>.......] - ETA: 13s - loss: 2.0017 - acc: 0.2773
39008/50000 [======================>.......] - ETA: 13s - loss: 2.0012 - acc: 0.2775
39072/50000 [======================>.......] - ETA: 13s - loss: 2.0009 - acc: 0.2778
39136/50000 [======================>.......] - ETA: 13s - loss: 2.0008 - acc: 0.2778
39200/50000 [======================>.......] - ETA: 13s - loss: 2.0004 - acc: 0.2780
39264/50000 [======================>.......] - ETA: 13s - loss: 1.9999 - acc: 0.2781
39328/50000 [======================>.......] - ETA: 13s - loss: 1.9995 - acc: 0.2783
39392/50000 [======================>.......] - ETA: 13s - loss: 1.9995 - acc: 0.2782
39456/50000 [======================>.......] - ETA: 13s - loss: 1.9994 - acc: 0.2783
39520/50000 [======================>.......] - ETA: 13s - loss: 1.9994 - acc: 0.2783
39584/50000 [======================>.......] - ETA: 13s - loss: 1.9993 - acc: 0.2783
39648/50000 [======================>.......] - ETA: 12s - loss: 1.9991 - acc: 0.2784
39712/50000 [======================>.......] - ETA: 12s - loss: 1.9987 - acc: 0.2786
39776/50000 [======================>.......] - ETA: 12s - loss: 1.9985 - acc: 0.2786
39840/50000 [======================>.......] - ETA: 12s - loss: 1.9979 - acc: 0.2787
39904/50000 [======================>.......] - ETA: 12s - loss: 1.9980 - acc: 0.2788
39968/50000 [======================>.......] - ETA: 12s - loss: 1.9976 - acc: 0.2788
40032/50000 [=======================>......] - ETA: 12s - loss: 1.9972 - acc: 0.2791
40096/50000 [=======================>......] - ETA: 12s - loss: 1.9971 - acc: 0.2791
40160/50000 [=======================>......] - ETA: 12s - loss: 1.9968 - acc: 0.2793
40224/50000 [=======================>......] - ETA: 12s - loss: 1.9966 - acc: 0.2793
40288/50000 [=======================>......] - ETA: 12s - loss: 1.9964 - acc: 0.2795
40352/50000 [=======================>......] - ETA: 12s - loss: 1.9959 - acc: 0.2797
40416/50000 [=======================>......] - ETA: 11s - loss: 1.9958 - acc: 0.2798
40480/50000 [=======================>......] - ETA: 11s - loss: 1.9955 - acc: 0.2799
40544/50000 [=======================>......] - ETA: 11s - loss: 1.9953 - acc: 0.2801
40608/50000 [=======================>......] - ETA: 11s - loss: 1.9950 - acc: 0.2802
40672/50000 [=======================>......] - ETA: 11s - loss: 1.9948 - acc: 0.2803
40736/50000 [=======================>......] - ETA: 11s - loss: 1.9944 - acc: 0.2806
40800/50000 [=======================>......] - ETA: 11s - loss: 1.9942 - acc: 0.2807
40864/50000 [=======================>......] - ETA: 11s - loss: 1.9942 - acc: 0.2807
40928/50000 [=======================>......] - ETA: 11s - loss: 1.9939 - acc: 0.2808
40992/50000 [=======================>......] - ETA: 11s - loss: 1.9936 - acc: 0.2810
41056/50000 [=======================>......] - ETA: 11s - loss: 1.9930 - acc: 0.2812
41120/50000 [=======================>......] - ETA: 11s - loss: 1.9928 - acc: 0.2813
41184/50000 [=======================>......] - ETA: 11s - loss: 1.9924 - acc: 0.2813
41248/50000 [=======================>......] - ETA: 10s - loss: 1.9922 - acc: 0.2813
41312/50000 [=======================>......] - ETA: 10s - loss: 1.9920 - acc: 0.2813
41376/50000 [=======================>......] - ETA: 10s - loss: 1.9915 - acc: 0.2816
41440/50000 [=======================>......] - ETA: 10s - loss: 1.9912 - acc: 0.2817
41504/50000 [=======================>......] - ETA: 10s - loss: 1.9915 - acc: 0.2816
41568/50000 [=======================>......] - ETA: 10s - loss: 1.9914 - acc: 0.2816
41632/50000 [=======================>......] - ETA: 10s - loss: 1.9910 - acc: 0.2819
41696/50000 [========================>.....] - ETA: 10s - loss: 1.9910 - acc: 0.2819
41760/50000 [========================>.....] - ETA: 10s - loss: 1.9908 - acc: 0.2819
41824/50000 [========================>.....] - ETA: 10s - loss: 1.9911 - acc: 0.2819
41888/50000 [========================>.....] - ETA: 10s - loss: 1.9908 - acc: 0.2821
41952/50000 [========================>.....] - ETA: 10s - loss: 1.9904 - acc: 0.2821
42016/50000 [========================>.....] - ETA: 9s - loss: 1.9901 - acc: 0.2822 
42080/50000 [========================>.....] - ETA: 9s - loss: 1.9900 - acc: 0.2824
42144/50000 [========================>.....] - ETA: 9s - loss: 1.9899 - acc: 0.2823
42208/50000 [========================>.....] - ETA: 9s - loss: 1.9899 - acc: 0.2824
42272/50000 [========================>.....] - ETA: 9s - loss: 1.9897 - acc: 0.2823
42336/50000 [========================>.....] - ETA: 9s - loss: 1.9892 - acc: 0.2825
42400/50000 [========================>.....] - ETA: 9s - loss: 1.9890 - acc: 0.2826
42464/50000 [========================>.....] - ETA: 9s - loss: 1.9887 - acc: 0.2826
42528/50000 [========================>.....] - ETA: 9s - loss: 1.9886 - acc: 0.2826
42592/50000 [========================>.....] - ETA: 9s - loss: 1.9886 - acc: 0.2827
42656/50000 [========================>.....] - ETA: 9s - loss: 1.9886 - acc: 0.2826
42720/50000 [========================>.....] - ETA: 9s - loss: 1.9885 - acc: 0.2826
42784/50000 [========================>.....] - ETA: 9s - loss: 1.9882 - acc: 0.2827
42848/50000 [========================>.....] - ETA: 8s - loss: 1.9881 - acc: 0.2828
42912/50000 [========================>.....] - ETA: 8s - loss: 1.9880 - acc: 0.2827
42976/50000 [========================>.....] - ETA: 8s - loss: 1.9879 - acc: 0.2828
43040/50000 [========================>.....] - ETA: 8s - loss: 1.9878 - acc: 0.2828
43104/50000 [========================>.....] - ETA: 8s - loss: 1.9877 - acc: 0.2829
43168/50000 [========================>.....] - ETA: 8s - loss: 1.9873 - acc: 0.2831
43232/50000 [========================>.....] - ETA: 8s - loss: 1.9870 - acc: 0.2831
43296/50000 [========================>.....] - ETA: 8s - loss: 1.9870 - acc: 0.2831
43360/50000 [=========================>....] - ETA: 8s - loss: 1.9869 - acc: 0.2833
43424/50000 [=========================>....] - ETA: 8s - loss: 1.9868 - acc: 0.2834
43488/50000 [=========================>....] - ETA: 8s - loss: 1.9867 - acc: 0.2834
43552/50000 [=========================>....] - ETA: 8s - loss: 1.9865 - acc: 0.2835
43616/50000 [=========================>....] - ETA: 7s - loss: 1.9864 - acc: 0.2835
43680/50000 [=========================>....] - ETA: 7s - loss: 1.9862 - acc: 0.2837
43744/50000 [=========================>....] - ETA: 7s - loss: 1.9860 - acc: 0.2838
43808/50000 [=========================>....] - ETA: 7s - loss: 1.9860 - acc: 0.2838
43872/50000 [=========================>....] - ETA: 7s - loss: 1.9860 - acc: 0.2838
43936/50000 [=========================>....] - ETA: 7s - loss: 1.9857 - acc: 0.2839
44000/50000 [=========================>....] - ETA: 7s - loss: 1.9855 - acc: 0.2840
44064/50000 [=========================>....] - ETA: 7s - loss: 1.9854 - acc: 0.2841
44128/50000 [=========================>....] - ETA: 7s - loss: 1.9853 - acc: 0.2840
44192/50000 [=========================>....] - ETA: 7s - loss: 1.9851 - acc: 0.2840
44256/50000 [=========================>....] - ETA: 7s - loss: 1.9849 - acc: 0.2841
44320/50000 [=========================>....] - ETA: 7s - loss: 1.9847 - acc: 0.2841
44384/50000 [=========================>....] - ETA: 7s - loss: 1.9844 - acc: 0.2843
44448/50000 [=========================>....] - ETA: 6s - loss: 1.9842 - acc: 0.2843
44512/50000 [=========================>....] - ETA: 6s - loss: 1.9840 - acc: 0.2844
44576/50000 [=========================>....] - ETA: 6s - loss: 1.9838 - acc: 0.2845
44640/50000 [=========================>....] - ETA: 6s - loss: 1.9835 - acc: 0.2846
44704/50000 [=========================>....] - ETA: 6s - loss: 1.9834 - acc: 0.2846
44768/50000 [=========================>....] - ETA: 6s - loss: 1.9831 - acc: 0.2848
44832/50000 [=========================>....] - ETA: 6s - loss: 1.9828 - acc: 0.2850
44896/50000 [=========================>....] - ETA: 6s - loss: 1.9828 - acc: 0.2851
44960/50000 [=========================>....] - ETA: 6s - loss: 1.9824 - acc: 0.2852
45024/50000 [==========================>...] - ETA: 6s - loss: 1.9825 - acc: 0.2852
45088/50000 [==========================>...] - ETA: 6s - loss: 1.9823 - acc: 0.2854
45152/50000 [==========================>...] - ETA: 6s - loss: 1.9823 - acc: 0.2854
45216/50000 [==========================>...] - ETA: 5s - loss: 1.9823 - acc: 0.2853
45280/50000 [==========================>...] - ETA: 5s - loss: 1.9822 - acc: 0.2853
45344/50000 [==========================>...] - ETA: 5s - loss: 1.9822 - acc: 0.2853
45408/50000 [==========================>...] - ETA: 5s - loss: 1.9821 - acc: 0.2854
45472/50000 [==========================>...] - ETA: 5s - loss: 1.9819 - acc: 0.2855
45536/50000 [==========================>...] - ETA: 5s - loss: 1.9819 - acc: 0.2854
45600/50000 [==========================>...] - ETA: 5s - loss: 1.9817 - acc: 0.2855
45664/50000 [==========================>...] - ETA: 5s - loss: 1.9816 - acc: 0.2856
45728/50000 [==========================>...] - ETA: 5s - loss: 1.9813 - acc: 0.2857
45792/50000 [==========================>...] - ETA: 5s - loss: 1.9809 - acc: 0.2859
45856/50000 [==========================>...] - ETA: 5s - loss: 1.9807 - acc: 0.2860
45920/50000 [==========================>...] - ETA: 5s - loss: 1.9805 - acc: 0.2860
45984/50000 [==========================>...] - ETA: 5s - loss: 1.9804 - acc: 0.2860
46048/50000 [==========================>...] - ETA: 4s - loss: 1.9803 - acc: 0.2860
46112/50000 [==========================>...] - ETA: 4s - loss: 1.9802 - acc: 0.2861
46176/50000 [==========================>...] - ETA: 4s - loss: 1.9801 - acc: 0.2863
46240/50000 [==========================>...] - ETA: 4s - loss: 1.9798 - acc: 0.2863
46304/50000 [==========================>...] - ETA: 4s - loss: 1.9798 - acc: 0.2863
46368/50000 [==========================>...] - ETA: 4s - loss: 1.9795 - acc: 0.2864
46432/50000 [==========================>...] - ETA: 4s - loss: 1.9797 - acc: 0.2863
46496/50000 [==========================>...] - ETA: 4s - loss: 1.9794 - acc: 0.2864
46560/50000 [==========================>...] - ETA: 4s - loss: 1.9793 - acc: 0.2864
46624/50000 [==========================>...] - ETA: 4s - loss: 1.9795 - acc: 0.2863
46688/50000 [===========================>..] - ETA: 4s - loss: 1.9794 - acc: 0.2864
46752/50000 [===========================>..] - ETA: 4s - loss: 1.9793 - acc: 0.2864
46816/50000 [===========================>..] - ETA: 3s - loss: 1.9789 - acc: 0.2866
46880/50000 [===========================>..] - ETA: 3s - loss: 1.9786 - acc: 0.2868
46944/50000 [===========================>..] - ETA: 3s - loss: 1.9786 - acc: 0.2868
47008/50000 [===========================>..] - ETA: 3s - loss: 1.9784 - acc: 0.2869
47072/50000 [===========================>..] - ETA: 3s - loss: 1.9783 - acc: 0.2869
47136/50000 [===========================>..] - ETA: 3s - loss: 1.9781 - acc: 0.2871
47200/50000 [===========================>..] - ETA: 3s - loss: 1.9778 - acc: 0.2872
47264/50000 [===========================>..] - ETA: 3s - loss: 1.9776 - acc: 0.2874
47328/50000 [===========================>..] - ETA: 3s - loss: 1.9774 - acc: 0.2875
47392/50000 [===========================>..] - ETA: 3s - loss: 1.9771 - acc: 0.2876
47456/50000 [===========================>..] - ETA: 3s - loss: 1.9772 - acc: 0.2876
47520/50000 [===========================>..] - ETA: 3s - loss: 1.9771 - acc: 0.2877
47584/50000 [===========================>..] - ETA: 3s - loss: 1.9770 - acc: 0.2877
47648/50000 [===========================>..] - ETA: 2s - loss: 1.9769 - acc: 0.2879
47712/50000 [===========================>..] - ETA: 2s - loss: 1.9768 - acc: 0.2878
47776/50000 [===========================>..] - ETA: 2s - loss: 1.9767 - acc: 0.2879
47840/50000 [===========================>..] - ETA: 2s - loss: 1.9766 - acc: 0.2879
47904/50000 [===========================>..] - ETA: 2s - loss: 1.9762 - acc: 0.2880
47968/50000 [===========================>..] - ETA: 2s - loss: 1.9761 - acc: 0.2882
48032/50000 [===========================>..] - ETA: 2s - loss: 1.9758 - acc: 0.2884
48096/50000 [===========================>..] - ETA: 2s - loss: 1.9756 - acc: 0.2885
48160/50000 [===========================>..] - ETA: 2s - loss: 1.9752 - acc: 0.2886
48224/50000 [===========================>..] - ETA: 2s - loss: 1.9749 - acc: 0.2888
48288/50000 [===========================>..] - ETA: 2s - loss: 1.9746 - acc: 0.2889
48352/50000 [============================>.] - ETA: 2s - loss: 1.9742 - acc: 0.2890
48416/50000 [============================>.] - ETA: 1s - loss: 1.9738 - acc: 0.2892
48480/50000 [============================>.] - ETA: 1s - loss: 1.9738 - acc: 0.2893
48544/50000 [============================>.] - ETA: 1s - loss: 1.9736 - acc: 0.2894
48608/50000 [============================>.] - ETA: 1s - loss: 1.9735 - acc: 0.2894
48672/50000 [============================>.] - ETA: 1s - loss: 1.9731 - acc: 0.2895
48736/50000 [============================>.] - ETA: 1s - loss: 1.9727 - acc: 0.2898
48800/50000 [============================>.] - ETA: 1s - loss: 1.9726 - acc: 0.2899
48864/50000 [============================>.] - ETA: 1s - loss: 1.9724 - acc: 0.2899
48928/50000 [============================>.] - ETA: 1s - loss: 1.9723 - acc: 0.2900
48992/50000 [============================>.] - ETA: 1s - loss: 1.9720 - acc: 0.2900
49056/50000 [============================>.] - ETA: 1s - loss: 1.9715 - acc: 0.2902
49120/50000 [============================>.] - ETA: 1s - loss: 1.9712 - acc: 0.2902
49184/50000 [============================>.] - ETA: 1s - loss: 1.9712 - acc: 0.2902
49248/50000 [============================>.] - ETA: 0s - loss: 1.9711 - acc: 0.2902
49312/50000 [============================>.] - ETA: 0s - loss: 1.9711 - acc: 0.2902
49376/50000 [============================>.] - ETA: 0s - loss: 1.9708 - acc: 0.2904
49440/50000 [============================>.] - ETA: 0s - loss: 1.9703 - acc: 0.2906
49504/50000 [============================>.] - ETA: 0s - loss: 1.9700 - acc: 0.2907
49568/50000 [============================>.] - ETA: 0s - loss: 1.9698 - acc: 0.2908
49632/50000 [============================>.] - ETA: 0s - loss: 1.9696 - acc: 0.2909
49696/50000 [============================>.] - ETA: 0s - loss: 1.9696 - acc: 0.2910
49760/50000 [============================>.] - ETA: 0s - loss: 1.9694 - acc: 0.2912
49824/50000 [============================>.] - ETA: 0s - loss: 1.9692 - acc: 0.2913
49888/50000 [============================>.] - ETA: 0s - loss: 1.9691 - acc: 0.2914
49952/50000 [============================>.] - ETA: 0s - loss: 1.9690 - acc: 0.2914
50000/50000 [==============================] - 65s 1ms/step - loss: 1.9691 - acc: 0.2913 - val_loss: 1.7843 - val_acc: 0.3843
Saved model to disk
